# JRE version: Java(TM) SE Runtime Environment (8.0_281-b09) (build 1.8.0_281-b09)
# Java VM: Java HotSpot(TM) 64-Bit Server VM (25.281-b09 mixed mode windows-amd64 compressed oops)
Heap:
 PSYoungGen      total 142336K, used 15438K [0x00000000d5f00000, 0x00000000df400000, 0x0000000100000000)
  eden space 133120K, 11% used [0x00000000d5f00000,0x00000000d6e13958,0x00000000de100000)
  from space 9216K, 0% used [0x00000000deb00000,0x00000000deb00000,0x00000000df400000)
  to   space 9728K, 0% used [0x00000000de100000,0x00000000de100000,0x00000000dea80000)
 ParOldGen       total 50176K, used 14195K [0x0000000081c00000, 0x0000000084d00000, 0x00000000d5f00000)
  object space 50176K, 28% used [0x0000000081c00000,0x00000000829dcda0,0x0000000084d00000)
 Metaspace       used 35058K, capacity 37206K, committed 37544K, reserved 1081344K
  class space    used 4570K, capacity 4963K, committed 5032K, reserved 1048576K
GC Heap History (10 events):
Event: 1.081 GC heap before
{Heap before GC invocations=6 (full 0):
 PSYoungGen      total 71680K, used 42179K [0x00000000d5f00000, 0x00000000df500000, 0x0000000100000000)
  eden space 66560K, 55% used [0x00000000d5f00000,0x00000000d83335c0,0x00000000da000000)
  from space 5120K, 99% used [0x00000000da000000,0x00000000da4fd750,0x00000000da500000)
  to   space 10240K, 0% used [0x00000000deb00000,0x00000000deb00000,0x00000000df500000)
 ParOldGen       total 87552K, used 4713K [0x0000000081c00000, 0x0000000087180000, 0x00000000d5f00000)
  object space 87552K, 5% used [0x0000000081c00000,0x000000008209a410,0x0000000087180000)
 Metaspace       used 20234K, capacity 21172K, committed 21296K, reserved 1067008K
  class space    used 2639K, capacity 2845K, committed 2944K, reserved 1048576K
Event: 1.085 GC heap after
Heap after GC invocations=6 (full 0):
 PSYoungGen      total 142336K, used 6417K [0x00000000d5f00000, 0x00000000df400000, 0x0000000100000000)
  eden space 133120K, 0% used [0x00000000d5f00000,0x00000000d5f00000,0x00000000de100000)
  from space 9216K, 69% used [0x00000000deb00000,0x00000000df1447d8,0x00000000df400000)
  to   space 9728K, 0% used [0x00000000de100000,0x00000000de100000,0x00000000dea80000)
 ParOldGen       total 87552K, used 4713K [0x0000000081c00000, 0x0000000087180000, 0x00000000d5f00000)
  object space 87552K, 5% used [0x0000000081c00000,0x000000008209a410,0x0000000087180000)
 Metaspace       used 20234K, capacity 21172K, committed 21296K, reserved 1067008K
  class space    used 2639K, capacity 2845K, committed 2944K, reserved 1048576K
}
Event: 1.085 GC heap before
{Heap before GC invocations=7 (full 1):
 PSYoungGen      total 142336K, used 6417K [0x00000000d5f00000, 0x00000000df400000, 0x0000000100000000)
  eden space 133120K, 0% used [0x00000000d5f00000,0x00000000d5f00000,0x00000000de100000)
  from space 9216K, 69% used [0x00000000deb00000,0x00000000df1447d8,0x00000000df400000)
  to   space 9728K, 0% used [0x00000000de100000,0x00000000de100000,0x00000000dea80000)
 ParOldGen       total 87552K, used 4713K [0x0000000081c00000, 0x0000000087180000, 0x00000000d5f00000)
  object space 87552K, 5% used [0x0000000081c00000,0x000000008209a410,0x0000000087180000)
 Metaspace       used 20234K, capacity 21172K, committed 21296K, reserved 1067008K
  class space    used 2639K, capacity 2845K, committed 2944K, reserved 1048576K
Event: 1.103 GC heap after
Heap after GC invocations=7 (full 1):
 PSYoungGen      total 142336K, used 0K [0x00000000d5f00000, 0x00000000df400000, 0x0000000100000000)
  eden space 133120K, 0% used [0x00000000d5f00000,0x00000000d5f00000,0x00000000de100000)
  from space 9216K, 0% used [0x00000000deb00000,0x00000000deb00000,0x00000000df400000)
  to   space 9728K, 0% used [0x00000000de100000,0x00000000de100000,0x00000000dea80000)
 ParOldGen       total 50176K, used 6437K [0x0000000081c00000, 0x0000000084d00000, 0x00000000d5f00000)
  object space 50176K, 12% used [0x0000000081c00000,0x00000000822496c8,0x0000000084d00000)
 Metaspace       used 20234K, capacity 21172K, committed 21296K, reserved 1067008K
  class space    used 2639K, capacity 2845K, committed 2944K, reserved 1048576K
}
Event: 1.837 GC heap before
{Heap before GC invocations=8 (full 1):
 PSYoungGen      total 142336K, used 133120K [0x00000000d5f00000, 0x00000000df400000, 0x0000000100000000)
  eden space 133120K, 100% used [0x00000000d5f00000,0x00000000de100000,0x00000000de100000)
  from space 9216K, 0% used [0x00000000deb00000,0x00000000deb00000,0x00000000df400000)
  to   space 9728K, 0% used [0x00000000de100000,0x00000000de100000,0x00000000dea80000)
 ParOldGen       total 50176K, used 6437K [0x0000000081c00000, 0x0000000084d00000, 0x00000000d5f00000)
  object space 50176K, 12% used [0x0000000081c00000,0x00000000822496c8,0x0000000084d00000)
 Metaspace       used 28588K, capacity 30230K, committed 30592K, reserved 1075200K
  class space    used 3800K, capacity 4109K, committed 4224K, reserved 1048576K
Event: 1.845 GC heap after
Heap after GC invocations=8 (full 1):
 PSYoungGen      total 142848K, used 9726K [0x00000000d5f00000, 0x00000000df400000, 0x0000000100000000)
  eden space 133120K, 0% used [0x00000000d5f00000,0x00000000d5f00000,0x00000000de100000)
  from space 9728K, 99% used [0x00000000de100000,0x00000000dea7f930,0x00000000dea80000)
  to   space 9216K, 0% used [0x00000000deb00000,0x00000000deb00000,0x00000000df400000)
 ParOldGen       total 50176K, used 9434K [0x0000000081c00000, 0x0000000084d00000, 0x00000000d5f00000)
  object space 50176K, 18% used [0x0000000081c00000,0x00000000825369a8,0x0000000084d00000)
 Metaspace       used 28588K, capacity 30230K, committed 30592K, reserved 1075200K
  class space    used 3800K, capacity 4109K, committed 4224K, reserved 1048576K
}
Event: 2.384 GC heap before
{Heap before GC invocations=9 (full 1):
 PSYoungGen      total 142848K, used 131698K [0x00000000d5f00000, 0x00000000df400000, 0x0000000100000000)
  eden space 133120K, 91% used [0x00000000d5f00000,0x00000000dd61d1d8,0x00000000de100000)
  from space 9728K, 99% used [0x00000000de100000,0x00000000dea7f930,0x00000000dea80000)
  to   space 9216K, 0% used [0x00000000deb00000,0x00000000deb00000,0x00000000df400000)
 ParOldGen       total 50176K, used 9434K [0x0000000081c00000, 0x0000000084d00000, 0x00000000d5f00000)
  object space 50176K, 18% used [0x0000000081c00000,0x00000000825369a8,0x0000000084d00000)
 Metaspace       used 33370K, capacity 35458K, committed 35496K, reserved 1079296K
  class space    used 4386K, capacity 4765K, committed 4776K, reserved 1048576K
Event: 2.389 GC heap after
Heap after GC invocations=9 (full 1):
 PSYoungGen      total 142336K, used 9210K [0x00000000d5f00000, 0x00000000df400000, 0x0000000100000000)
  eden space 133120K, 0% used [0x00000000d5f00000,0x00000000d5f00000,0x00000000de100000)
  from space 9216K, 99% used [0x00000000deb00000,0x00000000df3fe900,0x00000000df400000)
  to   space 9728K, 0% used [0x00000000de100000,0x00000000de100000,0x00000000dea80000)
 ParOldGen       total 50176K, used 9617K [0x0000000081c00000, 0x0000000084d00000, 0x00000000d5f00000)
  object space 50176K, 19% used [0x0000000081c00000,0x0000000082564590,0x0000000084d00000)
 Metaspace       used 33370K, capacity 35458K, committed 35496K, reserved 1079296K
  class space    used 4386K, capacity 4765K, committed 4776K, reserved 1048576K
}
Event: 2.389 GC heap before
{Heap before GC invocations=10 (full 2):
 PSYoungGen      total 142336K, used 9210K [0x00000000d5f00000, 0x00000000df400000, 0x0000000100000000)
  eden space 133120K, 0% used [0x00000000d5f00000,0x00000000d5f00000,0x00000000de100000)
  from space 9216K, 99% used [0x00000000deb00000,0x00000000df3fe900,0x00000000df400000)
  to   space 9728K, 0% used [0x00000000de100000,0x00000000de100000,0x00000000dea80000)
 ParOldGen       total 50176K, used 9617K [0x0000000081c00000, 0x0000000084d00000, 0x00000000d5f00000)
  object space 50176K, 19% used [0x0000000081c00000,0x0000000082564590,0x0000000084d00000)
 Metaspace       used 33370K, capacity 35458K, committed 35496K, reserved 1079296K
  class space    used 4386K, capacity 4765K, committed 4776K, reserved 1048576K
Event: 2.416 GC heap after
Heap after GC invocations=10 (full 2):
 PSYoungGen      total 142336K, used 0K [0x00000000d5f00000, 0x00000000df400000, 0x0000000100000000)
  eden space 133120K, 0% used [0x00000000d5f00000,0x00000000d5f00000,0x00000000de100000)
  from space 9216K, 0% used [0x00000000deb00000,0x00000000deb00000,0x00000000df400000)
  to   space 9728K, 0% used [0x00000000de100000,0x00000000de100000,0x00000000dea80000)
 ParOldGen       total 50176K, used 14195K [0x0000000081c00000, 0x0000000084d00000, 0x00000000d5f00000)
  object space 50176K, 28% used [0x0000000081c00000,0x00000000829dcda0,0x0000000084d00000)
 Metaspace       used 33370K, capacity 35458K, committed 35496K, reserved 1079296K
  class space    used 4386K, capacity 4765K, committed 4776K, reserved 1048576K
}

